D:\Program Files\Microsoft Visual Studio\2017\Professional\Common7\IDE\VC\VCTargets\Microsoft.CppBuild.targets(377,5): warning MSB8004: Output 目录未以斜杠结尾。  此生成实例将添加斜杠，因为必须有这个斜杠才能正确计算 Output 目录。
  Logger.cpp
d:\mycode\cpp\upacstool\upt_logger\logger.h(58): warning C4251: “UPT::utility::Logger::m_filename”: class“std::basic_string<char,std::char_traits<char>,std::allocator<char>>”需要有 dll 接口由 class“UPT::utility::Logger”的客户端使用
  d:\program files\microsoft visual studio\2017\professional\vc\tools\msvc\14.16.27023\include\xstring(4373): note: 参见“std::basic_string<char,std::char_traits<char>,std::allocator<char>>”的声明
d:\mycode\cpp\upacstool\upt_logger\logger.h(59): warning C4251: “UPT::utility::Logger::m_dirname”: class“std::basic_string<char,std::char_traits<char>,std::allocator<char>>”需要有 dll 接口由 class“UPT::utility::Logger”的客户端使用
  d:\program files\microsoft visual studio\2017\professional\vc\tools\msvc\14.16.27023\include\xstring(4373): note: 参见“std::basic_string<char,std::char_traits<char>,std::allocator<char>>”的声明
d:\mycode\cpp\upacstool\upt_logger\logger.h(60): warning C4251: “UPT::utility::Logger::m_fout”: class“std::basic_ofstream<char,std::char_traits<char>>”需要有 dll 接口由 class“UPT::utility::Logger”的客户端使用
  d:\program files\microsoft visual studio\2017\professional\vc\tools\msvc\14.16.27023\include\iosfwd(626): note: 参见“std::basic_ofstream<char,std::char_traits<char>>”的声明
d:\mycode\cpp\upacstool\upt_logger\logger.h(64): warning C4251: “UPT::utility::Logger::s_level”: class“std::basic_string<char,std::char_traits<char>,std::allocator<char>>”需要有 dll 接口由 class“UPT::utility::Logger”的客户端使用
  d:\program files\microsoft visual studio\2017\professional\vc\tools\msvc\14.16.27023\include\xstring(4373): note: 参见“std::basic_string<char,std::char_traits<char>,std::allocator<char>>”的声明
  main.cpp
d:\mycode\cpp\upacstool\upt_logger\logger.h(58): warning C4251: “UPT::utility::Logger::m_filename”: class“std::basic_string<char,std::char_traits<char>,std::allocator<char>>”需要有 dll 接口由 class“UPT::utility::Logger”的客户端使用
  d:\program files\microsoft visual studio\2017\professional\vc\tools\msvc\14.16.27023\include\xstring(4373): note: 参见“std::basic_string<char,std::char_traits<char>,std::allocator<char>>”的声明
d:\mycode\cpp\upacstool\upt_logger\logger.h(59): warning C4251: “UPT::utility::Logger::m_dirname”: class“std::basic_string<char,std::char_traits<char>,std::allocator<char>>”需要有 dll 接口由 class“UPT::utility::Logger”的客户端使用
  d:\program files\microsoft visual studio\2017\professional\vc\tools\msvc\14.16.27023\include\xstring(4373): note: 参见“std::basic_string<char,std::char_traits<char>,std::allocator<char>>”的声明
d:\mycode\cpp\upacstool\upt_logger\logger.h(60): warning C4251: “UPT::utility::Logger::m_fout”: class“std::basic_ofstream<char,std::char_traits<char>>”需要有 dll 接口由 class“UPT::utility::Logger”的客户端使用
  d:\program files\microsoft visual studio\2017\professional\vc\tools\msvc\14.16.27023\include\iosfwd(626): note: 参见“std::basic_ofstream<char,std::char_traits<char>>”的声明
d:\mycode\cpp\upacstool\upt_logger\logger.h(64): warning C4251: “UPT::utility::Logger::s_level”: class“std::basic_string<char,std::char_traits<char>,std::allocator<char>>”需要有 dll 接口由 class“UPT::utility::Logger”的客户端使用
  d:\program files\microsoft visual studio\2017\professional\vc\tools\msvc\14.16.27023\include\xstring(4373): note: 参见“std::basic_string<char,std::char_traits<char>,std::allocator<char>>”的声明
  正在生成代码...
    正在创建库 D:\mycode\Cpp\UPacsTool\lib\UPT_logger.lib 和对象 D:\mycode\Cpp\UPacsTool\lib\UPT_logger.exp
  UPT_logger.vcxproj -> D:\mycode\Cpp\UPacsTool\bin\UPT_logger.dll
